[15Apr2026 21:21:07.330] [main/INFO] [Arclight/]: 

       ___           ___     __   /\
      /   | ________/ (_)__ / /  / /
     / /| |/ __/ __/ / / _ / _ \/__/
    / ___ / / / /_/ / / / / // / /
   /_/  |/_/  \__/_/_/\_ /_//_/ /
                     /__/     \/

    运行版本 顿顽 / arclight-1.20.1-1.0.6-4e94eb76
    构建日期 2025-01-21 16:18:32

[15Apr2026 21:21:07.411] [main/INFO] [cpw.mods.modlauncher.Launcher/MODLAUNCHER]: ModLauncher running: args [--launchTarget, arclightserver, --fml.forgeVersion, 47.3.22, --fml.mcVersion, 1.20.1, --fml.forgeGroup, net.minecraftforge, --fml.mcpVersion, 20230612.114412, nogui]
[15Apr2026 21:21:07.415] [main/INFO] [cpw.mods.modlauncher.Launcher/MODLAUNCHER]: ModLauncher 10.0.9+10.0.9+main.dcd20f30 starting: java version 21.0.10 by Debian; OS Linux arch aarch64 version 6.12.75+rpt-rpi-2712
[15Apr2026 21:21:07.470] [main/DEBUG] [cpw.mods.modlauncher.LaunchServiceHandler/MODLAUNCHER]: Found launch services [fmlclientdev,forgeclient,arclightserver,minecraft,forgegametestserverdev,fmlserveruserdev,fmlclient,fmldatauserdev,forgeserverdev,forgeserveruserdev,forgeclientdev,forgeclientuserdev,forgeserver,forgedatadev,fmlserver,fmlclientuserdev,fmlserverdev,forgedatauserdev,testharness,forgegametestserveruserdev]
[15Apr2026 21:21:07.495] [main/DEBUG] [cpw.mods.modlauncher.NameMappingServiceHandler/MODLAUNCHER]: Found naming services : [srgtomcp]
[15Apr2026 21:21:07.552] [main/DEBUG] [cpw.mods.modlauncher.LaunchPluginHandler/MODLAUNCHER]: Found launch plugins: [mixin,arclight_implementer,eventbus,slf4jfixer,object_holder_definalize,runtime_enum_extender,capability_token_subclass,accesstransformer,runtimedistcleaner]
[15Apr2026 21:21:07.572] [main/DEBUG] [cpw.mods.modlauncher.TransformationServicesHandler/MODLAUNCHER]: Discovering transformation services
[15Apr2026 21:21:07.593] [main/DEBUG] [net.minecraftforge.fml.loading.FMLPaths/CORE]: Path GAMEDIR is /home/server/SkeryVR
[15Apr2026 21:21:07.593] [main/DEBUG] [net.minecraftforge.fml.loading.FMLPaths/CORE]: Path MODSDIR is /home/server/SkeryVR/mods
[15Apr2026 21:21:07.593] [main/DEBUG] [net.minecraftforge.fml.loading.FMLPaths/CORE]: Path CONFIGDIR is /home/server/SkeryVR/config
[15Apr2026 21:21:07.593] [main/DEBUG] [net.minecraftforge.fml.loading.FMLPaths/CORE]: Path FMLCONFIG is /home/server/SkeryVR/config/fml.toml
[15Apr2026 21:21:07.739] [main/DEBUG] [cpw.mods.modlauncher.TransformationServicesHandler/MODLAUNCHER]: Found additional transformation services from discovery services: 
[15Apr2026 21:21:07.749] [main/INFO] [net.minecraftforge.fml.loading.ImmediateWindowHandler/]: ImmediateWindowProvider not loading because launch target is arclightserver
[15Apr2026 21:21:07.766] [main/DEBUG] [cpw.mods.modlauncher.TransformationServicesHandler/MODLAUNCHER]: Found transformer services : [mixin,fml]
[15Apr2026 21:21:07.766] [main/DEBUG] [cpw.mods.modlauncher.TransformationServicesHandler/MODLAUNCHER]: Transformation services loading
[15Apr2026 21:21:07.767] [main/DEBUG] [cpw.mods.modlauncher.TransformationServiceDecorator/MODLAUNCHER]: Loading service mixin
[15Apr2026 21:21:07.772] [main/DEBUG] [cpw.mods.modlauncher.TransformationServiceDecorator/MODLAUNCHER]: Loaded service mixin
[15Apr2026 21:21:07.772] [main/DEBUG] [cpw.mods.modlauncher.TransformationServiceDecorator/MODLAUNCHER]: Loading service fml
[15Apr2026 21:21:07.773] [main/DEBUG] [net.minecraftforge.fml.loading.LauncherVersion/CORE]: Found FMLLauncher version 1.0
[15Apr2026 21:21:07.773] [main/DEBUG] [net.minecraftforge.fml.loading.FMLLoader/CORE]: FML 1.0 loading
[15Apr2026 21:21:07.773] [main/DEBUG] [net.minecraftforge.fml.loading.FMLLoader/CORE]: FML found ModLauncher version : 10.0.9+10.0.9+main.dcd20f30
[15Apr2026 21:21:07.773] [main/DEBUG] [net.minecraftforge.fml.loading.FMLLoader/CORE]: Requesting CoreMods to not apply the fix for ASMAPI.findFirstInstructionBefore by default
[15Apr2026 21:21:07.774] [main/DEBUG] [net.minecraftforge.fml.loading.FMLLoader/CORE]: FML found AccessTransformer version : 8.0.4+66+master.c09db6d7
[15Apr2026 21:21:07.775] [main/DEBUG] [net.minecraftforge.fml.loading.FMLLoader/CORE]: FML found EventBus version : 6.0.5+6.0.5+master.eb8e549b
[15Apr2026 21:21:07.775] [main/DEBUG] [net.minecraftforge.fml.loading.FMLLoader/CORE]: Found Runtime Dist Cleaner
[15Apr2026 21:21:07.778] [main/DEBUG] [net.minecraftforge.coremod.CoreModEngine/]: CoreMods will preserve legacy behavior of ASMAPI.findFirstInstructionBefore for backwards-compatibility
[15Apr2026 21:21:07.778] [main/DEBUG] [net.minecraftforge.fml.loading.FMLLoader/CORE]: FML found CoreMod version : 5.2.4
[15Apr2026 21:21:07.779] [main/DEBUG] [net.minecraftforge.fml.loading.FMLLoader/CORE]: Found ForgeSPI package implementation version 7.0.1+7.0.1+master.d2b38bf6
[15Apr2026 21:21:07.779] [main/DEBUG] [net.minecraftforge.fml.loading.FMLLoader/CORE]: Found ForgeSPI package specification 5
[15Apr2026 21:21:07.779] [main/DEBUG] [cpw.mods.modlauncher.TransformationServiceDecorator/MODLAUNCHER]: Loaded service fml
[15Apr2026 21:21:07.780] [main/DEBUG] [cpw.mods.modlauncher.TransformationServicesHandler/MODLAUNCHER]: Configuring option handling for services
[15Apr2026 21:21:07.794] [main/DEBUG] [cpw.mods.modlauncher.TransformationServicesHandler/MODLAUNCHER]: Transformation services initializing
[15Apr2026 21:21:07.796] [main/DEBUG] [cpw.mods.modlauncher.TransformationServiceDecorator/MODLAUNCHER]: Initializing transformation service mixin
[15Apr2026 21:21:07.821] [main/DEBUG] [mixin/]: MixinService [ModLauncher] was successfully booted in cpw.mods.cl.ModuleClassLoader@6356695f
[15Apr2026 21:21:07.836] [main/INFO] [mixin/]: SpongePowered MIXIN Subsystem Version=0.8.5 Source=union:/home/server/SkeryVR/libraries/org/spongepowered/mixin/0.8.5/mixin-0.8.5.jar%2399!/ Service=ModLauncher Env=SERVER
[15Apr2026 21:21:07.842] [main/DEBUG] [mixin/]: Initialising Mixin Platform Manager
[15Apr2026 21:21:07.843] [main/DEBUG] [mixin/]: Adding mixin platform agents for container ModLauncher Root Container(ModLauncher:4f56a0a2)
[15Apr2026 21:21:07.844] [main/DEBUG] [mixin/]: Instancing new MixinPlatformAgentMinecraftForge for ModLauncher Root Container(ModLauncher:4f56a0a2)
[15Apr2026 21:21:07.845] [main/DEBUG] [mixin/]: MixinPlatformAgentMinecraftForge rejected container ModLauncher Root Container(ModLauncher:4f56a0a2)
[15Apr2026 21:21:07.845] [main/DEBUG] [mixin/]: Instancing new MixinPlatformAgentDefault for ModLauncher Root Container(ModLauncher:4f56a0a2)
[15Apr2026 21:21:07.846] [main/DEBUG] [mixin/]: MixinPlatformAgentDefault accepted container ModLauncher Root Container(ModLauncher:4f56a0a2)
[15Apr2026 21:21:07.848] [main/DEBUG] [cpw.mods.modlauncher.TransformationServiceDecorator/MODLAUNCHER]: Initialized transformation service mixin
[15Apr2026 21:21:07.848] [main/DEBUG] [cpw.mods.modlauncher.TransformationServiceDecorator/MODLAUNCHER]: Initializing transformation service fml
[15Apr2026 21:21:07.848] [main/DEBUG] [net.minecraftforge.fml.loading.FMLServiceProvider/CORE]: Setting up basic FML game directories
[15Apr2026 21:21:07.849] [main/DEBUG] [net.minecraftforge.fml.loading.FMLPaths/CORE]: Path GAMEDIR is /home/server/SkeryVR
[15Apr2026 21:21:07.849] [main/DEBUG] [net.minecraftforge.fml.loading.FMLPaths/CORE]: Path MODSDIR is /home/server/SkeryVR/mods
[15Apr2026 21:21:07.849] [main/DEBUG] [net.minecraftforge.fml.loading.FMLPaths/CORE]: Path CONFIGDIR is /home/server/SkeryVR/config
[15Apr2026 21:21:07.849] [main/DEBUG] [net.minecraftforge.fml.loading.FMLPaths/CORE]: Path FMLCONFIG is /home/server/SkeryVR/config/fml.toml
[15Apr2026 21:21:07.849] [main/DEBUG] [net.minecraftforge.fml.loading.FMLServiceProvider/CORE]: Loading configuration
[15Apr2026 21:21:07.853] [main/DEBUG] [net.minecraftforge.fml.loading.FMLServiceProvider/CORE]: Preparing ModFile
[15Apr2026 21:21:07.858] [main/DEBUG] [net.minecraftforge.fml.loading.FMLServiceProvider/CORE]: Preparing launch handler
[15Apr2026 21:21:07.859] [main/DEBUG] [net.minecraftforge.fml.loading.FMLLoader/CORE]: Using arclightserver as launch service
[15Apr2026 21:21:07.891] [main/DEBUG] [net.minecraftforge.fml.loading.FMLLoader/CORE]: Received command line version data  : VersionInfo[forgeVersion=47.3.22, mcVersion=1.20.1, mcpVersion=20230612.114412, forgeGroup=net.minecraftforge]
[15Apr2026 21:21:07.893] [main/DEBUG] [cpw.mods.modlauncher.TransformationServiceDecorator/MODLAUNCHER]: Initialized transformation service fml
[15Apr2026 21:21:07.894] [main/DEBUG] [cpw.mods.modlauncher.NameMappingServiceHandler/MODLAUNCHER]: Current naming domain is 'srg'
[15Apr2026 21:21:07.894] [main/DEBUG] [cpw.mods.modlauncher.NameMappingServiceHandler/MODLAUNCHER]: Identified name mapping providers {}
[15Apr2026 21:21:07.895] [main/DEBUG] [cpw.mods.modlauncher.TransformationServicesHandler/MODLAUNCHER]: Transformation services begin scanning
[15Apr2026 21:21:07.896] [main/DEBUG] [cpw.mods.modlauncher.TransformationServiceDecorator/MODLAUNCHER]: Beginning scan trigger - transformation service mixin
[15Apr2026 21:21:07.896] [main/DEBUG] [cpw.mods.modlauncher.TransformationServiceDecorator/MODLAUNCHER]: End scan trigger - transformation service mixin
[15Apr2026 21:21:07.897] [main/DEBUG] [cpw.mods.modlauncher.TransformationServiceDecorator/MODLAUNCHER]: Beginning scan trigger - transformation service fml
[15Apr2026 21:21:07.897] [main/DEBUG] [net.minecraftforge.fml.loading.FMLServiceProvider/CORE]: Initiating mod scan
[15Apr2026 21:21:07.950] [main/DEBUG] [net.minecraftforge.fml.loading.moddiscovery.ModFileParser/LOADING]: Considering mod file candidate /home/server/SkeryVR/.arclight/mod_file/arclight-1.20.1-1.0.6-4e94eb76.jar
[15Apr2026 21:21:07.999] [main/DEBUG] [net.minecraftforge.fml.loading.moddiscovery.ModFileInfo/LOADING]: Found valid mod file arclight-1.20.1-1.0.6-4e94eb76.jar with {arclight} mods - versions {1.20.1-1.0.6-SNAPSHOT-1345853c}
[15Apr2026 21:21:08.004] [main/DEBUG] [net.minecraftforge.fml.loading.moddiscovery.ModListHandler/CORE]: Found mod coordinates from lists: []
[15Apr2026 21:21:08.009] [main/DEBUG] [net.minecraftforge.fml.loading.moddiscovery.ModDiscoverer/CORE]: Found Mod Locators : (mods folder:null),(maven libs:null),(exploded directory:null),(minecraft:null),(userdev classpath:null),(arclight:arclight-1.20.1-1.0.6-4e94eb76)
[15Apr2026 21:21:08.010] [main/DEBUG] [net.minecraftforge.fml.loading.moddiscovery.ModDiscoverer/CORE]: Found Dependency Locators : (JarInJar:null)
[15Apr2026 21:21:08.017] [main/DEBUG] [net.minecraftforge.fml.loading.moddiscovery.ModFileParser/LOADING]: Considering mod file candidate /home/server/SkeryVR/mods/appleskin-forge-mc1.20.1-2.5.1.jar
[15Apr2026 21:21:08.028] [main/DEBUG] [net.minecraftforge.fml.loading.moddiscovery.ModFileInfo/LOADING]: Found valid mod file appleskin-forge-mc1.20.1-2.5.1.jar with {appleskin} mods - versions {2.5.1+mc1.20.1}
[15Apr2026 21:21:08.037] [main/DEBUG] [net.minecraftforge.fml.loading.moddiscovery.ModFileParser/LOADING]: Considering mod file candidate /home/server/SkeryVR/mods/ferritecore-6.0.1-forge.jar
[15Apr2026 21:21:08.038] [main/DEBUG] [net.minecraftforge.fml.loading.moddiscovery.ModFileInfo/LOADING]: Found valid mod file ferritecore-6.0.1-forge.jar with {ferritecore} mods - versions {6.0.1}
[15Apr2026 21:21:08.040] [main/DEBUG] [net.minecraftforge.fml.loading.moddiscovery.ModFileParser/LOADING]: Considering mod file candidate /home/server/SkeryVR/mods/geckolib-forge-1.20.1-4.8.3.jar
[15Apr2026 21:21:08.042] [main/DEBUG] [net.minecraftforge.fml.loading.moddiscovery.ModFileInfo/LOADING]: Found valid mod file geckolib-forge-1.20.1-4.8.3.jar with {geckolib} mods - versions {4.8.3}
[15Apr2026 21:21:08.043] [main/DEBUG] [net.minecraftforge.fml.loading.moddiscovery.ModFileParser/LOADING]: Considering mod file candidate /home/server/SkeryVR/mods/letmedespawn-1.20.x-forge-1.5.0.jar
[15Apr2026 21:21:08.045] [main/DEBUG] [net.minecraftforge.fml.loading.moddiscovery.ModFileInfo/LOADING]: Found valid mod file letmedespawn-1.20.x-forge-1.5.0.jar with {letmedespawn} mods - versions {1.5.0}
[15Apr2026 21:21:08.046] [main/DEBUG] [net.minecraftforge.fml.loading.moddiscovery.ModFileParser/LOADING]: Considering mod file candidate /home/server/SkeryVR/mods/sound-physics-remastered-forge-1.20.1-1.5.1.jar
[15Apr2026 21:21:08.049] [main/DEBUG] [net.minecraftforge.fml.loading.moddiscovery.ModFileInfo/LOADING]: Found valid mod file sound-physics-remastered-forge-1.20.1-1.5.1.jar with {sound_physics_remastered} mods - versions {1.20.1-1.5.1}
[15Apr2026 21:21:08.055] [main/DEBUG] [net.minecraftforge.fml.loading.moddiscovery.ModFileParser/LOADING]: Considering mod file candidate /home/server/SkeryVR/mods/the_wonderland-2.1.4-1.20.1.jar
[15Apr2026 21:21:08.057] [main/DEBUG] [net.minecraftforge.fml.loading.moddiscovery.ModFileInfo/LOADING]: Found valid mod file the_wonderland-2.1.4-1.20.1.jar with {the_wonderland} mods - versions {2.1.3}
[15Apr2026 21:21:08.059] [main/DEBUG] [net.minecraftforge.fml.loading.moddiscovery.ModFileParser/LOADING]: Considering mod file candidate /home/server/SkeryVR/mods/xaerominimap-forge-1.20.1-25.3.10.jar
[15Apr2026 21:21:08.061] [main/DEBUG] [net.minecraftforge.fml.loading.moddiscovery.ModFileInfo/LOADING]: Found valid mod file xaerominimap-forge-1.20.1-25.3.10.jar with {xaerominimap} mods - versions {25.3.10}
[15Apr2026 21:21:08.063] [main/DEBUG] [net.minecraftforge.fml.loading.moddiscovery.ModFileParser/LOADING]: Considering mod file candidate /home/server/SkeryVR/mods/xaeroworldmap-forge-1.20.1-1.40.11.jar
[15Apr2026 21:21:08.065] [main/DEBUG] [net.minecraftforge.fml.loading.moddiscovery.ModFileInfo/LOADING]: Found valid mod file xaeroworldmap-forge-1.20.1-1.40.11.jar with {xaeroworldmap} mods - versions {1.40.11}
[15Apr2026 21:21:08.221] [main/DEBUG] [net.minecraftforge.fml.loading.moddiscovery.ModFileInfo/LOADING]: Found valid mod file server-1.20.1-20230612.114412-srg.jar with {minecraft} mods - versions {1.20.1}
[15Apr2026 21:21:08.226] [main/DEBUG] [net.minecraftforge.fml.loading.moddiscovery.ModFileParser/LOADING]: Considering mod file candidate /home/server/SkeryVR/libraries/net/minecraftforge/fmlcore/1.20.1-47.3.22/fmlcore-1.20.1-47.3.22.jar
[15Apr2026 21:21:08.226] [main/WARN] [net.minecraftforge.fml.loading.moddiscovery.ModFileParser/LOADING]: Mod file /home/server/SkeryVR/libraries/net/minecraftforge/fmlcore/1.20.1-47.3.22/fmlcore-1.20.1-47.3.22.jar is missing mods.toml file
[15Apr2026 21:21:08.229] [main/DEBUG] [net.minecraftforge.fml.loading.moddiscovery.ModFileParser/LOADING]: Considering mod file candidate /home/server/SkeryVR/libraries/net/minecraftforge/javafmllanguage/1.20.1-47.3.22/javafmllanguage-1.20.1-47.3.22.jar
[15Apr2026 21:21:08.230] [main/WARN] [net.minecraftforge.fml.loading.moddiscovery.ModFileParser/LOADING]: Mod file /home/server/SkeryVR/libraries/net/minecraftforge/javafmllanguage/1.20.1-47.3.22/javafmllanguage-1.20.1-47.3.22.jar is missing mods.toml file
[15Apr2026 21:21:08.232] [main/DEBUG] [net.minecraftforge.fml.loading.moddiscovery.ModFileParser/LOADING]: Considering mod file candidate /home/server/SkeryVR/libraries/net/minecraftforge/lowcodelanguage/1.20.1-47.3.22/lowcodelanguage-1.20.1-47.3.22.jar
[15Apr2026 21:21:08.232] [main/WARN] [net.minecraftforge.fml.loading.moddiscovery.ModFileParser/LOADING]: Mod file /home/server/SkeryVR/libraries/net/minecraftforge/lowcodelanguage/1.20.1-47.3.22/lowcodelanguage-1.20.1-47.3.22.jar is missing mods.toml file
[15Apr2026 21:21:08.235] [main/DEBUG] [net.minecraftforge.fml.loading.moddiscovery.ModFileParser/LOADING]: Considering mod file candidate /home/server/SkeryVR/libraries/net/minecraftforge/mclanguage/1.20.1-47.3.22/mclanguage-1.20.1-47.3.22.jar
[15Apr2026 21:21:08.235] [main/WARN] [net.minecraftforge.fml.loading.moddiscovery.ModFileParser/LOADING]: Mod file /home/server/SkeryVR/libraries/net/minecraftforge/mclanguage/1.20.1-47.3.22/mclanguage-1.20.1-47.3.22.jar is missing mods.toml file
[15Apr2026 21:21:08.312] [main/DEBUG] [net.minecraftforge.fml.loading.moddiscovery.ModFileParser/LOADING]: Considering mod file candidate /home/server/SkeryVR/libraries/net/minecraftforge/forge/1.20.1-47.3.22/forge-1.20.1-47.3.22-universal.jar
[15Apr2026 21:21:08.314] [main/DEBUG] [net.minecraftforge.fml.loading.moddiscovery.ModFileInfo/LOADING]: Found valid mod file forge-1.20.1-47.3.22-universal.jar with {forge} mods - versions {47.3.22}
[15Apr2026 21:21:08.354] [main/DEBUG] [net.minecraftforge.fml.loading.moddiscovery.AbstractJarFileDependencyLocator/]: Failed to load resource META-INF/jarjar/metadata.json from server-1.20.1-20230612.114412-srg.jar, it does not contain dependency information.
[15Apr2026 21:21:08.354] [main/DEBUG] [net.minecraftforge.fml.loading.moddiscovery.AbstractJarFileDependencyLocator/]: Failed to load resource META-INF/jarjar/metadata.json from the_wonderland-2.1.4-1.20.1.jar, it does not contain dependency information.
[15Apr2026 21:21:08.355] [main/DEBUG] [net.minecraftforge.fml.loading.moddiscovery.AbstractJarFileDependencyLocator/]: Failed to load resource META-INF/jarjar/metadata.json from forge-1.20.1-47.3.22-universal.jar, it does not contain dependency information.
[15Apr2026 21:21:08.355] [main/DEBUG] [net.minecraftforge.fml.loading.moddiscovery.AbstractJarFileDependencyLocator/]: Failed to load resource META-INF/jarjar/metadata.json from letmedespawn-1.20.x-forge-1.5.0.jar, it does not contain dependency information.
[15Apr2026 21:21:08.355] [main/DEBUG] [net.minecraftforge.fml.loading.moddiscovery.AbstractJarFileDependencyLocator/]: Failed to load resource META-INF/jarjar/metadata.json from sound-physics-remastered-forge-1.20.1-1.5.1.jar, it does not contain dependency information.
[15Apr2026 21:21:08.356] [main/DEBUG] [net.minecraftforge.fml.loading.moddiscovery.AbstractJarFileDependencyLocator/]: Failed to load resource META-INF/jarjar/metadata.json from appleskin-forge-mc1.20.1-2.5.1.jar, it does not contain dependency information.
[15Apr2026 21:21:08.356] [main/DEBUG] [net.minecraftforge.fml.loading.moddiscovery.AbstractJarFileDependencyLocator/]: Failed to load resource META-INF/jarjar/metadata.json from ferritecore-6.0.1-forge.jar, it does not contain dependency information.
[15Apr2026 21:21:08.356] [main/DEBUG] [net.minecraftforge.fml.loading.moddiscovery.AbstractJarFileDependencyLocator/]: Failed to load resource META-INF/jarjar/metadata.json from arclight-1.20.1-1.0.6-4e94eb76.jar, it does not contain dependency information.
[15Apr2026 21:21:08.356] [main/DEBUG] [net.minecraftforge.fml.loading.moddiscovery.AbstractJarFileDependencyLocator/]: Failed to load resource META-INF/jarjar/metadata.json from mclanguage-1.20.1-47.3.22.jar, it does not contain dependency information.
[15Apr2026 21:21:08.356] [main/DEBUG] [net.minecraftforge.fml.loading.moddiscovery.AbstractJarFileDependencyLocator/]: Failed to load resource META-INF/jarjar/metadata.json from javafmllanguage-1.20.1-47.3.22.jar, it does not contain dependency information.
[15Apr2026 21:21:08.357] [main/DEBUG] [net.minecraftforge.fml.loading.moddiscovery.AbstractJarFileDependencyLocator/]: Failed to load resource META-INF/jarjar/metadata.json from fmlcore-1.20.1-47.3.22.jar, it does not contain dependency information.
[15Apr2026 21:21:08.357] [main/DEBUG] [net.minecraftforge.fml.loading.moddiscovery.AbstractJarFileDependencyLocator/]: Failed to load resource META-INF/jarjar/metadata.json from lowcodelanguage-1.20.1-47.3.22.jar, it does not contain dependency information.
[15Apr2026 21:21:08.446] [main/DEBUG] [net.minecraftforge.fml.loading.moddiscovery.ModFileParser/LOADING]: Considering mod file candidate 
[15Apr2026 21:21:08.449] [main/DEBUG] [net.minecraftforge.fml.loading.moddiscovery.ModFileInfo/LOADING]: Found valid mod file xaerolib-forge-1.20.1-1.1.0.jar with {xaerolib} mods - versions {1.1.0}
[15Apr2026 21:21:08.466] [main/DEBUG] [net.minecraftforge.fml.loading.moddiscovery.ModFileParser/LOADING]: Considering mod file candidate 
[15Apr2026 21:21:08.468] [main/DEBUG] [net.minecraftforge.fml.loading.moddiscovery.ModFileInfo/LOADING]: Found valid mod file xaerolib-forge-1.20.1-1.1.0.jar with {xaerolib} mods - versions {1.1.0}
[15Apr2026 21:21:08.468] [main/DEBUG] [net.minecraftforge.fml.loading.moddiscovery.AbstractJarFileDependencyLocator/]: Failed to load resource META-INF/jarjar/metadata.json from mclib-20.jar, it does not contain dependency information.
[15Apr2026 21:21:08.468] [main/DEBUG] [net.minecraftforge.fml.loading.moddiscovery.AbstractJarFileDependencyLocator/]: Failed to load resource META-INF/jarjar/metadata.json from xaerolib-forge-1.20.1-1.1.0.jar, it does not contain dependency information.
[15Apr2026 21:21:08.469] [main/DEBUG] [net.minecraftforge.fml.loading.moddiscovery.AbstractJarFileDependencyLocator/]: Failed to load resource META-INF/jarjar/metadata.json from xaerolib-forge-1.20.1-1.1.0.jar, it does not contain dependency information.
[15Apr2026 21:21:08.514] [main/DEBUG] [net.minecraftforge.fml.loading.moddiscovery.ModFileParser/LOADING]: Considering mod file candidate 
[15Apr2026 21:21:08.516] [main/DEBUG] [net.minecraftforge.fml.loading.moddiscovery.ModFileInfo/LOADING]: Found valid mod file xaerolib-forge-1.20.1-1.1.0.jar with {xaerolib} mods - versions {1.1.0}
[15Apr2026 21:21:08.522] [main/INFO] [net.minecraftforge.fml.loading.moddiscovery.JarInJarDependencyLocator/]: Found 2 dependencies adding them to mods collection
[15Apr2026 21:21:08.529] [main/DEBUG] [net.minecraftforge.fml.loading.moddiscovery.ModFileInfo/LOADING]: Found valid mod file server-1.20.1-20230612.114412-srg.jar with {minecraft} mods - versions {1.20.1}
[15Apr2026 21:21:08.533] [main/DEBUG] [net.minecraftforge.fml.loading.moddiscovery.ModFile/LOADING]: Loading mod file /home/server/SkeryVR/libraries/net/minecraft/server/1.20.1-20230612.114412/server-1.20.1-20230612.114412-srg.jar with languages [LanguageSpec[languageName=minecraft, acceptedVersions=1]]
[15Apr2026 21:21:08.535] [main/DEBUG] [net.minecraftforge.fml.loading.moddiscovery.ModFileParser/LOADING]: Considering mod file candidate 
[15Apr2026 21:21:08.537] [main/DEBUG] [net.minecraftforge.fml.loading.moddiscovery.ModFileInfo/LOADING]: Found valid mod file xaerolib-forge-1.20.1-1.1.0.jar with {xaerolib} mods - versions {1.1.0}
[15Apr2026 21:21:08.537] [main/DEBUG] [net.minecraftforge.fml.loading.moddiscovery.ModFile/LOADING]: Loading mod file  with languages [LanguageSpec[languageName=javafml, acceptedVersions=[46,48)]]
[15Apr2026 21:21:08.537] [main/DEBUG] [net.minecraftforge.fml.loading.moddiscovery.ModFileParser/LOADING]: Considering mod file candidate /home/server/SkeryVR/mods/the_wonderland-2.1.4-1.20.1.jar
[15Apr2026 21:21:08.538] [main/DEBUG] [net.minecraftforge.fml.loading.moddiscovery.ModFileInfo/LOADING]: Found valid mod file the_wonderland-2.1.4-1.20.1.jar with {the_wonderland} mods - versions {2.1.3}
[15Apr2026 21:21:08.539] [main/DEBUG] [net.minecraftforge.fml.loading.moddiscovery.ModFile/LOADING]: Loading mod file /home/server/SkeryVR/mods/the_wonderland-2.1.4-1.20.1.jar with languages [LanguageSpec[languageName=javafml, acceptedVersions=[47,)]]
[15Apr2026 21:21:08.539] [main/DEBUG] [net.minecraftforge.fml.loading.moddiscovery.ModFileParser/LOADING]: Considering mod file candidate /home/server/SkeryVR/libraries/net/minecraftforge/forge/1.20.1-47.3.22/forge-1.20.1-47.3.22-universal.jar
[15Apr2026 21:21:08.540] [main/DEBUG] [net.minecraftforge.fml.loading.moddiscovery.ModFileInfo/LOADING]: Found valid mod file forge-1.20.1-47.3.22-universal.jar with {forge} mods - versions {47.3.22}
[15Apr2026 21:21:08.540] [main/DEBUG] [net.minecraftforge.fml.loading.moddiscovery.ModFile/LOADING]: Loading mod file /home/server/SkeryVR/libraries/net/minecraftforge/forge/1.20.1-47.3.22/forge-1.20.1-47.3.22-universal.jar with languages [LanguageSpec[languageName=javafml, acceptedVersions=[24,]]]
[15Apr2026 21:21:08.545] [main/DEBUG] [net.minecraftforge.fml.loading.moddiscovery.ModFileParser/LOADING]: Found coremod field_to_method with Javascript path coremods/field_to_method.js
[15Apr2026 21:21:08.546] [main/DEBUG] [net.minecraftforge.fml.loading.moddiscovery.ModFileParser/LOADING]: Found coremod field_to_instanceof with Javascript path coremods/field_to_instanceof.js
[15Apr2026 21:21:08.546] [main/DEBUG] [net.minecraftforge.fml.loading.moddiscovery.ModFileParser/LOADING]: Found coremod add_bouncer_method with Javascript path coremods/add_bouncer_method.js
[15Apr2026 21:21:08.546] [main/DEBUG] [net.minecraftforge.fml.loading.moddiscovery.ModFileParser/LOADING]: Found coremod method_redirector with Javascript path coremods/method_redirector.js
[15Apr2026 21:21:08.546] [main/DEBUG] [net.minecraftforge.fml.loading.moddiscovery.ModFile/LOADING]: Found coremod coremods/field_to_method.js
[15Apr2026 21:21:08.546] [main/DEBUG] [net.minecraftforge.fml.loading.moddiscovery.ModFile/LOADING]: Found coremod coremods/field_to_instanceof.js
[15Apr2026 21:21:08.546] [main/DEBUG] [net.minecraftforge.fml.loading.moddiscovery.ModFile/LOADING]: Found coremod coremods/add_bouncer_method.js
[15Apr2026 21:21:08.546] [main/DEBUG] [net.minecraftforge.fml.loading.moddiscovery.ModFile/LOADING]: Found coremod coremods/method_redirector.js
[15Apr2026 21:21:08.546] [main/DEBUG] [net.minecraftforge.fml.loading.moddiscovery.ModFileParser/LOADING]: Considering mod file candidate /home/server/SkeryVR/mods/letmedespawn-1.20.x-forge-1.5.0.jar
[15Apr2026 21:21:08.549] [main/DEBUG] [net.minecraftforge.fml.loading.moddiscovery.ModFileInfo/LOADING]: Found valid mod file letmedespawn-1.20.x-forge-1.5.0.jar with {letmedespawn} mods - versions {1.5.0}
[15Apr2026 21:21:08.549] [main/DEBUG] [net.minecraftforge.fml.loading.moddiscovery.ModFile/LOADING]: Loading mod file /home/server/SkeryVR/mods/letmedespawn-1.20.x-forge-1.5.0.jar with languages [LanguageSpec[languageName=javafml, acceptedVersions=[47,)]]
[15Apr2026 21:21:08.549] [main/DEBUG] [net.minecraftforge.fml.loading.moddiscovery.ModFileParser/LOADING]: Considering mod file candidate /home/server/SkeryVR/mods/sound-physics-remastered-forge-1.20.1-1.5.1.jar
[15Apr2026 21:21:08.552] [main/DEBUG] [net.minecraftforge.fml.loading.moddiscovery.ModFileInfo/LOADING]: Found valid mod file sound-physics-remastered-forge-1.20.1-1.5.1.jar with {sound_physics_remastered} mods - versions {1.20.1-1.5.1}
[15Apr2026 21:21:08.552] [main/DEBUG] [net.minecraftforge.fml.loading.moddiscovery.ModFile/LOADING]: Loading mod file /home/server/SkeryVR/mods/sound-physics-remastered-forge-1.20.1-1.5.1.jar with languages [LanguageSpec[languageName=javafml, acceptedVersions=*]]
[15Apr2026 21:21:08.552] [main/DEBUG] [net.minecraftforge.fml.loading.moddiscovery.ModFileParser/LOADING]: Considering mod file candidate /home/server/SkeryVR/mods/geckolib-forge-1.20.1-4.8.3.jar
[15Apr2026 21:21:08.553] [main/DEBUG] [net.minecraftforge.fml.loading.moddiscovery.ModFileInfo/LOADING]: Found valid mod file geckolib-forge-1.20.1-4.8.3.jar with {geckolib} mods - versions {4.8.3}
[15Apr2026 21:21:08.554] [main/DEBUG] [net.minecraftforge.fml.loading.moddiscovery.ModFile/LOADING]: Loading mod file /home/server/SkeryVR/mods/geckolib-forge-1.20.1-4.8.3.jar with languages [LanguageSpec[languageName=javafml, acceptedVersions=[47,)]]
[15Apr2026 21:21:08.554] [main/DEBUG] [net.minecraftforge.fml.loading.moddiscovery.ModFileParser/LOADING]: Considering mod file candidate /home/server/SkeryVR/mods/xaerominimap-forge-1.20.1-25.3.10.jar
[15Apr2026 21:21:08.555] [main/DEBUG] [net.minecraftforge.fml.loading.moddiscovery.ModFileInfo/LOADING]: Found valid mod file xaerominimap-forge-1.20.1-25.3.10.jar with {xaerominimap} mods - versions {25.3.10}
[15Apr2026 21:21:08.555] [main/DEBUG] [net.minecraftforge.fml.loading.moddiscovery.ModFile/LOADING]: Loading mod file /home/server/SkeryVR/mods/xaerominimap-forge-1.20.1-25.3.10.jar with languages [LanguageSpec[languageName=javafml, acceptedVersions=[46,48)]]
[15Apr2026 21:21:08.556] [main/DEBUG] [net.minecraftforge.fml.loading.moddiscovery.ModFileParser/LOADING]: Found coremod xaerohud_core with Javascript path META-INF/xaerohud_core.js
[15Apr2026 21:21:08.556] [main/DEBUG] [net.minecraftforge.fml.loading.moddiscovery.ModFile/LOADING]: Found coremod META-INF/xaerohud_core.js
[15Apr2026 21:21:08.556] [main/DEBUG] [net.minecraftforge.fml.loading.moddiscovery.ModFileParser/LOADING]: Considering mod file candidate /home/server/SkeryVR/mods/appleskin-forge-mc1.20.1-2.5.1.jar
[15Apr2026 21:21:08.557] [main/DEBUG] [net.minecraftforge.fml.loading.moddiscovery.ModFileInfo/LOADING]: Found valid mod file appleskin-forge-mc1.20.1-2.5.1.jar with {appleskin} mods - versions {2.5.1+mc1.20.1}
[15Apr2026 21:21:08.558] [main/DEBUG] [net.minecraftforge.fml.loading.moddiscovery.ModFile/LOADING]: Loading mod file /home/server/SkeryVR/mods/appleskin-forge-mc1.20.1-2.5.1.jar with languages [LanguageSpec[languageName=javafml, acceptedVersions=[47,)]]
[15Apr2026 21:21:08.558] [main/DEBUG] [net.minecraftforge.fml.loading.moddiscovery.ModFileParser/LOADING]: Considering mod file candidate /home/server/SkeryVR/mods/ferritecore-6.0.1-forge.jar
[15Apr2026 21:21:08.559] [main/DEBUG] [net.minecraftforge.fml.loading.moddiscovery.ModFileInfo/LOADING]: Found valid mod file ferritecore-6.0.1-forge.jar with {ferritecore} mods - versions {6.0.1}
[15Apr2026 21:21:08.559] [main/DEBUG] [net.minecraftforge.fml.loading.moddiscovery.ModFile/LOADING]: Loading mod file /home/server/SkeryVR/mods/ferritecore-6.0.1-forge.jar with languages [LanguageSpec[languageName=javafml, acceptedVersions=[28,)]]
[15Apr2026 21:21:08.559] [main/DEBUG] [net.minecraftforge.fml.loading.moddiscovery.ModFileParser/LOADING]: Considering mod file candidate /home/server/SkeryVR/mods/xaeroworldmap-forge-1.20.1-1.40.11.jar
[15Apr2026 21:21:08.561] [main/DEBUG] [net.minecraftforge.fml.loading.moddiscovery.ModFileInfo/LOADING]: Found valid mod file xaeroworldmap-forge-1.20.1-1.40.11.jar with {xaeroworldmap} mods - versions {1.40.11}
[15Apr2026 21:21:08.561] [main/DEBUG] [net.minecraftforge.fml.loading.moddiscovery.ModFile/LOADING]: Loading mod file /home/server/SkeryVR/mods/xaeroworldmap-forge-1.20.1-1.40.11.jar with languages [LanguageSpec[languageName=javafml, acceptedVersions=[46,48)]]
[15Apr2026 21:21:08.561] [main/DEBUG] [net.minecraftforge.fml.loading.moddiscovery.ModFileParser/LOADING]: Found coremod xaeroworldmap_core with Javascript path META-INF/xaeroworldmap_core.js
[15Apr2026 21:21:08.562] [main/DEBUG] [net.minecraftforge.fml.loading.moddiscovery.ModFile/LOADING]: Found coremod META-INF/xaeroworldmap_core.js
[15Apr2026 21:21:08.562] [main/DEBUG] [net.minecraftforge.fml.loading.moddiscovery.ModFileParser/LOADING]: Considering mod file candidate /home/server/SkeryVR/.arclight/mod_file/arclight-1.20.1-1.0.6-4e94eb76.jar
[15Apr2026 21:21:08.563] [main/DEBUG] [net.minecraftforge.fml.loading.moddiscovery.ModFileInfo/LOADING]: Found valid mod file arclight-1.20.1-1.0.6-4e94eb76.jar with {arclight} mods - versions {1.20.1-1.0.6-SNAPSHOT-1345853c}
[15Apr2026 21:21:08.563] [main/DEBUG] [net.minecraftforge.fml.loading.moddiscovery.ModFile/LOADING]: Loading mod file /home/server/SkeryVR/.arclight/mod_file/arclight-1.20.1-1.0.6-4e94eb76.jar with languages [LanguageSpec[languageName=javafml, acceptedVersions=[44,]]]
[15Apr2026 21:21:08.563] [main/DEBUG] [net.minecraftforge.fml.loading.moddiscovery.ModFile/LOADING]: Loading mod file  with languages []
[15Apr2026 21:21:08.563] [main/DEBUG] [net.minecraftforge.fml.loading.moddiscovery.ModFile/LOADING]: Loading mod file  with languages []
[15Apr2026 21:21:08.565] [main/DEBUG] [cpw.mods.modlauncher.TransformationServiceDecorator/MODLAUNCHER]: End scan trigger - transformation service fml
[15Apr2026 21:21:08.589] [main/DEBUG] [net.minecraftforge.fml.loading.LanguageLoadingProvider/CORE]: Found 3 language providers
[15Apr2026 21:21:08.590] [main/DEBUG] [net.minecraftforge.fml.loading.LanguageLoadingProvider/CORE]: Found language provider minecraft, version 1.0
[15Apr2026 21:21:08.594] [main/DEBUG] [net.minecraftforge.fml.loading.LanguageLoadingProvider/CORE]: Found language provider lowcodefml, version 47
[15Apr2026 21:21:08.594] [main/DEBUG] [net.minecraftforge.fml.loading.LanguageLoadingProvider/CORE]: Found language provider javafml, version 47
[15Apr2026 21:21:08.603] [main/DEBUG] [net.minecraftforge.fml.loading.UniqueModListBuilder/]: Found 2 mods for first modid mclib, selecting most recent based on version data
[15Apr2026 21:21:08.605] [main/DEBUG] [net.minecraftforge.fml.loading.UniqueModListBuilder/]: Selected file mclib-20.jar for modid mclib with version 0.0NONE
[15Apr2026 21:21:08.609] [main/DEBUG] [net.minecraftforge.fml.loading.ModSorter/]: Configured system mods: [minecraft, forge]
[15Apr2026 21:21:08.609] [main/DEBUG] [net.minecraftforge.fml.loading.ModSorter/]: Found system mod: minecraft
[15Apr2026 21:21:08.609] [main/DEBUG] [net.minecraftforge.fml.loading.ModSorter/]: Found system mod: forge
[15Apr2026 21:21:08.618] [main/DEBUG] [net.minecraftforge.fml.loading.ModSorter/LOADING]: Found 26 mod requirements (17 mandatory, 9 optional)
[15Apr2026 21:21:08.621] [main/DEBUG] [net.minecraftforge.fml.loading.ModSorter/LOADING]: Found 1 mod requirements missing (1 mandatory, 0 optional)
[15Apr2026 21:21:08.622] [main/ERROR] [net.minecraftforge.fml.loading.ModSorter/LOADING]: Missing or unsupported mandatory dependencies:
	Mod ID: 'almanac', Requested by: 'letmedespawn', Expected range: '[1.0.2,)', Actual version: '[MISSING]'
[15Apr2026 21:21:09.428] [main/DEBUG] [cpw.mods.modlauncher.TransformationServicesHandler/MODLAUNCHER]: Transformation services loading transformers
[15Apr2026 21:21:09.429] [main/DEBUG] [cpw.mods.modlauncher.TransformationServiceDecorator/MODLAUNCHER]: Initializing transformers for transformation service mixin
[15Apr2026 21:21:09.431] [main/DEBUG] [cpw.mods.modlauncher.TransformationServiceDecorator/MODLAUNCHER]: Initialized transformers for transformation service mixin
[15Apr2026 21:21:09.431] [main/DEBUG] [cpw.mods.modlauncher.TransformationServiceDecorator/MODLAUNCHER]: Initializing transformers for transformation service fml
[15Apr2026 21:21:09.431] [main/DEBUG] [net.minecraftforge.fml.loading.FMLServiceProvider/CORE]: Loading coremod transformers
[15Apr2026 21:21:09.431] [main/DEBUG] [net.minecraftforge.coremod.CoreModEngine/COREMOD]: Loading CoreMod from coremods/field_to_method.js
[15Apr2026 21:21:09.753] [main/DEBUG] [net.minecraftforge.coremod.CoreModEngine/COREMOD]: CoreMod loaded successfully
[15Apr2026 21:21:09.753] [main/DEBUG] [net.minecraftforge.coremod.CoreModEngine/COREMOD]: Loading CoreMod from coremods/field_to_instanceof.js
[15Apr2026 21:21:09.886] [main/DEBUG] [net.minecraftforge.coremod.CoreModEngine/COREMOD]: CoreMod loaded successfully
[15Apr2026 21:21:09.886] [main/DEBUG] [net.minecraftforge.coremod.CoreModEngine/COREMOD]: Loading CoreMod from coremods/add_bouncer_method.js
[15Apr2026 21:21:10.020] [main/DEBUG] [net.minecraftforge.coremod.CoreModEngine/COREMOD]: CoreMod loaded successfully
[15Apr2026 21:21:10.021] [main/DEBUG] [net.minecraftforge.coremod.CoreModEngine/COREMOD]: Loading CoreMod from coremods/method_redirector.js
[15Apr2026 21:21:10.156] [main/DEBUG] [net.minecraftforge.coremod.CoreModEngine/COREMOD]: CoreMod loaded successfully
[15Apr2026 21:21:10.171] [main/DEBUG] [cpw.mods.modlauncher.TransformStore/MODLAUNCHER]: Adding transformer net.minecraftforge.coremod.transformer.CoreModClassTransformer@4fc165f6 to Target : CLASS {Lnet/minecraft/world/level/biome/Biome;} {} {V}
[15Apr2026 21:21:10.174] [main/DEBUG] [cpw.mods.modlauncher.TransformStore/MODLAUNCHER]: Adding transformer net.minecraftforge.coremod.transformer.CoreModClassTransformer@19fd43da to Target : CLASS {Lnet/minecraft/world/level/levelgen/structure/Structure;} {} {V}
[15Apr2026 21:21:10.174] [main/DEBUG] [cpw.mods.modlauncher.TransformStore/MODLAUNCHER]: Adding transformer net.minecraftforge.coremod.transformer.CoreModClassTransformer@115dcaea to Target : CLASS {Lnet/minecraft/world/effect/MobEffectInstance;} {} {V}
[15Apr2026 21:21:10.174] [main/DEBUG] [cpw.mods.modlauncher.TransformStore/MODLAUNCHER]: Adding transformer net.minecraftforge.coremod.transformer.CoreModClassTransformer@cfd1075 to Target : CLASS {Lnet/minecraft/world/level/block/LiquidBlock;} {} {V}
[15Apr2026 21:21:10.174] [main/DEBUG] [cpw.mods.modlauncher.TransformStore/MODLAUNCHER]: Adding transformer net.minecraftforge.coremod.transformer.CoreModClassTransformer@45117dd to Target : CLASS {Lnet/minecraft/world/item/BucketItem;} {} {V}
[15Apr2026 21:21:10.175] [main/DEBUG] [cpw.mods.modlauncher.TransformStore/MODLAUNCHER]: Adding transformer net.minecraftforge.coremod.transformer.CoreModClassTransformer@7741771e to Target : CLASS {Lnet/minecraft/world/level/block/StairBlock;} {} {V}
[15Apr2026 21:21:10.175] [main/DEBUG] [cpw.mods.modlauncher.TransformStore/MODLAUNCHER]: Adding transformer net.minecraftforge.coremod.transformer.CoreModClassTransformer@834e986 to Target : CLASS {Lnet/minecraft/world/level/block/FlowerPotBlock;} {} {V}
[15Apr2026 21:21:10.175] [main/DEBUG] [cpw.mods.modlauncher.TransformStore/MODLAUNCHER]: Adding transformer net.minecraftforge.coremod.transformer.CoreModClassTransformer@6cae2e4d to Target : CLASS {Lnet/minecraft/world/item/ItemStack;} {} {V}
[15Apr2026 21:21:10.175] [main/DEBUG] [cpw.mods.modlauncher.TransformStore/MODLAUNCHER]: Adding transformer net.minecraftforge.coremod.transformer.CoreModClassTransformer@604d23fa to Target : CLASS {Lnet/minecraft/network/play/client/CClientSettingsPacket;} {} {V}
[15Apr2026 21:21:10.175] [main/DEBUG] [cpw.mods.modlauncher.TransformStore/MODLAUNCHER]: Adding transformer net.minecraftforge.coremod.transformer.CoreModClassTransformer@1cc8416a to Target : CLASS {Lnet/minecraft/world/level/levelgen/structure/structures/OceanMonumentPieces$OceanMonumentPiece;} {} {V}
[15Apr2026 21:21:10.175] [main/DEBUG] [cpw.mods.modlauncher.TransformStore/MODLAUNCHER]: Adding transformer net.minecraftforge.coremod.transformer.CoreModClassTransformer@1cc8416a to Target : CLASS {Lnet/minecraft/world/entity/npc/Villager;} {} {V}
[15Apr2026 21:21:10.176] [main/DEBUG] [cpw.mods.modlauncher.TransformStore/MODLAUNCHER]: Adding transformer net.minecraftforge.coremod.transformer.CoreModClassTransformer@1cc8416a to Target : CLASS {Lnet/minecraft/world/entity/monster/Evoker$EvokerSummonSpellGoal;} {} {V}
[15Apr2026 21:21:10.176] [main/DEBUG] [cpw.mods.modlauncher.TransformStore/MODLAUNCHER]: Adding transformer net.minecraftforge.coremod.transformer.CoreModClassTransformer@1cc8416a to Target : CLASS {Lnet/minecraft/world/entity/monster/ZombieVillager;} {} {V}
[15Apr2026 21:21:10.176] [main/DEBUG] [cpw.mods.modlauncher.TransformStore/MODLAUNCHER]: Adding transformer net.minecraftforge.coremod.transformer.CoreModClassTransformer@1cc8416a to Target : CLASS {Lnet/minecraft/world/entity/monster/Zombie;} {} {V}
[15Apr2026 21:21:10.176] [main/DEBUG] [cpw.mods.modlauncher.TransformStore/MODLAUNCHER]: Adding transformer net.minecraftforge.coremod.transformer.CoreModClassTransformer@1cc8416a to Target : CLASS {Lnet/minecraft/world/level/levelgen/structure/structures/OceanRuinPieces$OceanRuinPiece;} {} {V}
[15Apr2026 21:21:10.176] [main/DEBUG] [cpw.mods.modlauncher.TransformStore/MODLAUNCHER]: Adding transformer net.minecraftforge.coremod.transformer.CoreModClassTransformer@1cc8416a to Target : CLASS {Lnet/minecraft/world/entity/animal/horse/SkeletonTrapGoal;} {} {V}
[15Apr2026 21:21:10.176] [main/DEBUG] [cpw.mods.modlauncher.TransformStore/MODLAUNCHER]: Adding transformer net.minecraftforge.coremod.transformer.CoreModClassTransformer@1cc8416a to Target : CLASS {Lnet/minecraft/world/level/levelgen/PatrolSpawner;} {} {V}
[15Apr2026 21:21:10.176] [main/DEBUG] [cpw.mods.modlauncher.TransformStore/MODLAUNCHER]: Adding transformer net.minecraftforge.coremod.transformer.CoreModClassTransformer@1cc8416a to Target : CLASS {Lnet/minecraft/world/level/levelgen/structure/templatesystem/StructureTemplate;} {} {V}
[15Apr2026 21:21:10.176] [main/DEBUG] [cpw.mods.modlauncher.TransformStore/MODLAUNCHER]: Adding transformer net.minecraftforge.coremod.transformer.CoreModClassTransformer@1cc8416a to Target : CLASS {Lnet/minecraft/world/entity/animal/frog/Tadpole;} {} {V}
[15Apr2026 21:21:10.176] [main/DEBUG] [cpw.mods.modlauncher.TransformStore/MODLAUNCHER]: Adding transformer net.minecraftforge.coremod.transformer.CoreModClassTransformer@1cc8416a to Target : CLASS {Lnet/minecraft/world/entity/ai/village/VillageSiege;} {} {V}
[15Apr2026 21:21:10.176] [main/DEBUG] [cpw.mods.modlauncher.TransformStore/MODLAUNCHER]: Adding transformer net.minecraftforge.coremod.transformer.CoreModClassTransformer@1cc8416a to Target : CLASS {Lnet/minecraft/world/level/levelgen/structure/structures/WoodlandMansionPieces$WoodlandMansionPiece;} {} {V}
[15Apr2026 21:21:10.176] [main/DEBUG] [cpw.mods.modlauncher.TransformStore/MODLAUNCHER]: Adding transformer net.minecraftforge.coremod.transformer.CoreModClassTransformer@1cc8416a to Target : CLASS {Lnet/minecraft/world/level/NaturalSpawner;} {} {V}
[15Apr2026 21:21:10.176] [main/DEBUG] [cpw.mods.modlauncher.TransformStore/MODLAUNCHER]: Adding transformer net.minecraftforge.coremod.transformer.CoreModClassTransformer@1cc8416a to Target : CLASS {Lnet/minecraft/world/entity/monster/Strider;} {} {V}
[15Apr2026 21:21:10.177] [main/DEBUG] [cpw.mods.modlauncher.TransformStore/MODLAUNCHER]: Adding transformer net.minecraftforge.coremod.transformer.CoreModClassTransformer@1cc8416a to Target : CLASS {Lnet/minecraft/server/commands/SummonCommand;} {} {V}
[15Apr2026 21:21:10.177] [main/DEBUG] [cpw.mods.modlauncher.TransformStore/MODLAUNCHER]: Adding transformer net.minecraftforge.coremod.transformer.CoreModClassTransformer@1cc8416a to Target : CLASS {Lnet/minecraft/server/commands/RaidCommand;} {} {V}
[15Apr2026 21:21:10.177] [main/DEBUG] [cpw.mods.modlauncher.TransformStore/MODLAUNCHER]: Adding transformer net.minecraftforge.coremod.transformer.CoreModClassTransformer@1cc8416a to Target : CLASS {Lnet/minecraft/world/entity/raid/Raid;} {} {V}
[15Apr2026 21:21:10.177] [main/DEBUG] [cpw.mods.modlauncher.TransformStore/MODLAUNCHER]: Adding transformer net.minecraftforge.coremod.transformer.CoreModClassTransformer@1cc8416a to Target : CLASS {Lnet/minecraft/world/level/levelgen/PhantomSpawner;} {} {V}
[15Apr2026 21:21:10.177] [main/DEBUG] [cpw.mods.modlauncher.TransformStore/MODLAUNCHER]: Adding transformer net.minecraftforge.coremod.transformer.CoreModClassTransformer@1cc8416a to Target : CLASS {Lnet/minecraft/world/entity/EntityType;} {} {V}
[15Apr2026 21:21:10.177] [main/DEBUG] [cpw.mods.modlauncher.TransformStore/MODLAUNCHER]: Adding transformer net.minecraftforge.coremod.transformer.CoreModClassTransformer@1cc8416a to Target : CLASS {Lnet/minecraft/world/entity/monster/Spider;} {} {V}
[15Apr2026 21:21:10.177] [main/DEBUG] [cpw.mods.modlauncher.TransformStore/MODLAUNCHER]: Adding transformer net.minecraftforge.coremod.transformer.CoreModClassTransformer@1cc8416a to Target : CLASS {Lnet/minecraft/world/level/levelgen/structure/structures/SwampHutPiece;} {} {V}
[15Apr2026 21:21:10.177] [main/DEBUG] [cpw.mods.modlauncher.TransformStore/MODLAUNCHER]: Adding transformer net.minecraftforge.coremod.transformer.CoreModClassTransformer@1cc8416a to Target : CLASS {Lnet/minecraft/world/entity/npc/CatSpawner;} {} {V}
[15Apr2026 21:21:10.177] [main/DEBUG] [cpw.mods.modlauncher.TransformationServiceDecorator/MODLAUNCHER]: Initialized transformers for transformation service fml
[15Apr2026 21:21:11.083] [main/DEBUG] [mixin/]: Processing prepare() for PlatformAgent[MixinPlatformAgentDefault:ModLauncher Root Container(ModLauncher:4f56a0a2)]
[15Apr2026 21:21:11.083] [main/DEBUG] [mixin/]: Processing launch tasks for PlatformAgent[MixinPlatformAgentDefault:ModLauncher Root Container(ModLauncher:4f56a0a2)]
[15Apr2026 21:21:11.086] [main/DEBUG] [mixin/]: Adding mixin platform agents for container SecureJarResource(minecraft)
[15Apr2026 21:21:11.086] [main/DEBUG] [mixin/]: Instancing new MixinPlatformAgentMinecraftForge for SecureJarResource(minecraft)
[15Apr2026 21:21:11.087] [main/DEBUG] [mixin/]: MixinPlatformAgentMinecraftForge rejected container SecureJarResource(minecraft)
[15Apr2026 21:21:11.087] [main/DEBUG] [mixin/]: Instancing new MixinPlatformAgentDefault for SecureJarResource(minecraft)
[15Apr2026 21:21:11.087] [main/DEBUG] [mixin/]: MixinPlatformAgentDefault accepted container SecureJarResource(minecraft)
[15Apr2026 21:21:11.087] [main/DEBUG] [mixin/]: Processing prepare() for PlatformAgent[MixinPlatformAgentDefault:SecureJarResource(minecraft)]
[15Apr2026 21:21:11.087] [main/DEBUG] [mixin/]: Adding mixin platform agents for container SecureJarResource(forge)
[15Apr2026 21:21:11.087] [main/DEBUG] [mixin/]: Instancing new MixinPlatformAgentMinecraftForge for SecureJarResource(forge)
[15Apr2026 21:21:11.087] [main/DEBUG] [mixin/]: MixinPlatformAgentMinecraftForge rejected container SecureJarResource(forge)
[15Apr2026 21:21:11.087] [main/DEBUG] [mixin/]: Instancing new MixinPlatformAgentDefault for SecureJarResource(forge)
[15Apr2026 21:21:11.087] [main/DEBUG] [mixin/]: MixinPlatformAgentDefault accepted container SecureJarResource(forge)
[15Apr2026 21:21:11.088] [main/DEBUG] [mixin/]: Processing prepare() for PlatformAgent[MixinPlatformAgentDefault:SecureJarResource(forge)]
[15Apr2026 21:21:11.088] [main/DEBUG] [mixin/]: Adding mixin platform agents for container SecureJarResource(mclib)
[15Apr2026 21:21:11.088] [main/DEBUG] [mixin/]: Instancing new MixinPlatformAgentMinecraftForge for SecureJarResource(mclib)
[15Apr2026 21:21:11.088] [main/DEBUG] [mixin/]: MixinPlatformAgentMinecraftForge rejected container SecureJarResource(mclib)
[15Apr2026 21:21:11.088] [main/DEBUG] [mixin/]: Instancing new MixinPlatformAgentDefault for SecureJarResource(mclib)
[15Apr2026 21:21:11.088] [main/DEBUG] [mixin/]: MixinPlatformAgentDefault accepted container SecureJarResource(mclib)
[15Apr2026 21:21:11.088] [main/DEBUG] [mixin/]: Processing prepare() for PlatformAgent[MixinPlatformAgentDefault:SecureJarResource(mclib)]
[15Apr2026 21:21:11.088] [main/DEBUG] [mixin/]: inject() running with 4 agents
[15Apr2026 21:21:11.088] [main/DEBUG] [mixin/]: Processing inject() for PlatformAgent[MixinPlatformAgentDefault:ModLauncher Root Container(ModLauncher:4f56a0a2)]
[15Apr2026 21:21:11.088] [main/DEBUG] [mixin/]: Processing inject() for PlatformAgent[MixinPlatformAgentDefault:SecureJarResource(minecraft)]
[15Apr2026 21:21:11.089] [main/DEBUG] [mixin/]: Processing inject() for PlatformAgent[MixinPlatformAgentDefault:SecureJarResource(forge)]
[15Apr2026 21:21:11.089] [main/DEBUG] [mixin/]: Processing inject() for PlatformAgent[MixinPlatformAgentDefault:SecureJarResource(mclib)]
[15Apr2026 21:21:11.107] [main/INFO] [cpw.mods.modlauncher.LaunchServiceHandler/MODLAUNCHER]: Launching target 'arclightserver' with arguments [nogui]
[15Apr2026 21:21:11.232] [main/DEBUG] [mixin/]: Error cleaning class output directory: .mixin.out
[15Apr2026 21:21:11.237] [main/DEBUG] [mixin/]: Preparing mixins for MixinEnvironment[DEFAULT]
[15Apr2026 21:21:11.360] [main/DEBUG] [io.netty.util.internal.logging.InternalLoggerFactory/]: Using SLF4J as the default logging framework
[15Apr2026 21:21:11.366] [main/DEBUG] [io.netty.util.ResourceLeakDetector/]: -Dio.netty.leakDetection.level: simple
[15Apr2026 21:21:11.368] [main/DEBUG] [io.netty.util.ResourceLeakDetector/]: -Dio.netty.leakDetection.targetRecords: 4
[15Apr2026 21:21:11.859] [main/DEBUG] [oshi.util.FileUtil/]: No oshi.properties file found from ClassLoader cpw.mods.modlauncher.TransformingClassLoader@18dd5ed3
[15Apr2026 21:21:11.862] [main/DEBUG] [oshi.util.FileUtil/]: No oshi.properties file found from ClassLoader jdk.internal.loader.ClassLoaders$AppClassLoader@639fee48
[15Apr2026 21:21:11.896] [main/DEBUG] [com.sun.jna.Native/]: Looking in classpath from cpw.mods.cl.ModuleClassLoader@6356695f for /com/sun/jna/linux-aarch64/libjnidispatch.so
[15Apr2026 21:21:11.897] [main/DEBUG] [com.sun.jna.Native/]: Found library resource at union:/home/server/SkeryVR/libraries/net/java/dev/jna/jna/5.12.1/jna-5.12.1.jar%23125!/com/sun/jna/linux-aarch64/libjnidispatch.so
[15Apr2026 21:21:11.900] [main/DEBUG] [com.sun.jna.Native/]: Extracting library to /home/server/.cache/JNA/temp/jna1970105427535887893.tmp
[15Apr2026 21:21:11.902] [main/DEBUG] [com.sun.jna.Native/]: Trying /home/server/.cache/JNA/temp/jna1970105427535887893.tmp
[15Apr2026 21:21:11.910] [main/DEBUG] [com.sun.jna.Native/]: Found jnidispatch at /home/server/.cache/JNA/temp/jna1970105427535887893.tmp
[15Apr2026 21:21:11.948] [main/DEBUG] [com.sun.jna.NativeLibrary/]: Looking for library 'udev'
[15Apr2026 21:21:11.949] [main/DEBUG] [com.sun.jna.NativeLibrary/]: Adding paths from jna.library.path: null
[15Apr2026 21:21:11.949] [main/DEBUG] [com.sun.jna.NativeLibrary/]: Trying libudev.so
[15Apr2026 21:21:11.952] [main/DEBUG] [com.sun.jna.NativeLibrary/]: Found library 'udev' at libudev.so
[15Apr2026 21:21:11.968] [main/DEBUG] [oshi.util.FileUtil/]: Reading file /proc/self/auxv
[15Apr2026 21:21:11.970] [main/DEBUG] [oshi.util.FileUtil/]: Reading file /proc/self/auxv
[15Apr2026 21:21:11.979] [main/DEBUG] [oshi.util.FileUtil/]: Reading file /proc/stat
[15Apr2026 21:21:11.998] [main/DEBUG] [oshi.util.FileUtil/]: Reading file /sys/devices/system/cpu/cpu0/topology/core_id
[15Apr2026 21:21:12.001] [main/DEBUG] [oshi.util.FileUtil/]: Reading file /sys/devices/system/cpu/cpu0/topology/core_id
[15Apr2026 21:21:12.002] [main/DEBUG] [oshi.util.FileUtil/]: Reading file /sys/devices/system/cpu/cpu0/topology/physical_package_id
[15Apr2026 21:21:12.003] [main/DEBUG] [oshi.util.FileUtil/]: Reading file /sys/devices/system/cpu/cpu0/topology/physical_package_id
[15Apr2026 21:21:12.004] [main/DEBUG] [oshi.util.FileUtil/]: Reading file /sys/devices/system/cpu/cpu0/cpu_capacity
[15Apr2026 21:21:12.004] [main/DEBUG] [oshi.util.FileUtil/]: Reading file /sys/devices/system/cpu/cpu0/cpu_capacity
[15Apr2026 21:21:12.012] [main/DEBUG] [oshi.util.FileUtil/]: Reading file /sys/devices/system/cpu/cpu1/topology/core_id
[15Apr2026 21:21:12.012] [main/DEBUG] [oshi.util.FileUtil/]: Reading file /sys/devices/system/cpu/cpu1/topology/core_id
[15Apr2026 21:21:12.013] [main/DEBUG] [oshi.util.FileUtil/]: Reading file /sys/devices/system/cpu/cpu1/topology/physical_package_id
[15Apr2026 21:21:12.014] [main/DEBUG] [oshi.util.FileUtil/]: Reading file /sys/devices/system/cpu/cpu1/topology/physical_package_id
[15Apr2026 21:21:12.014] [main/DEBUG] [oshi.util.FileUtil/]: Reading file /sys/devices/system/cpu/cpu1/cpu_capacity
[15Apr2026 21:21:12.015] [main/DEBUG] [oshi.util.FileUtil/]: Reading file /sys/devices/system/cpu/cpu1/cpu_capacity
[15Apr2026 21:21:12.016] [main/DEBUG] [oshi.util.FileUtil/]: Reading file /sys/devices/system/cpu/cpu2/topology/core_id
[15Apr2026 21:21:12.017] [main/DEBUG] [oshi.util.FileUtil/]: Reading file /sys/devices/system/cpu/cpu2/topology/core_id
[15Apr2026 21:21:12.019] [main/DEBUG] [oshi.util.FileUtil/]: Reading file /sys/devices/system/cpu/cpu2/topology/physical_package_id
[15Apr2026 21:21:12.021] [main/DEBUG] [oshi.util.FileUtil/]: Reading file /sys/devices/system/cpu/cpu2/topology/physical_package_id
[15Apr2026 21:21:12.022] [main/DEBUG] [oshi.util.FileUtil/]: Reading file /sys/devices/system/cpu/cpu2/cpu_capacity
[15Apr2026 21:21:12.022] [main/DEBUG] [oshi.util.FileUtil/]: Reading file /sys/devices/system/cpu/cpu2/cpu_capacity
[15Apr2026 21:21:12.025] [main/DEBUG] [oshi.util.FileUtil/]: Reading file /sys/devices/system/cpu/cpu3/topology/core_id
[15Apr2026 21:21:12.025] [main/DEBUG] [oshi.util.FileUtil/]: Reading file /sys/devices/system/cpu/cpu3/topology/core_id
[15Apr2026 21:21:12.026] [main/DEBUG] [oshi.util.FileUtil/]: Reading file /sys/devices/system/cpu/cpu3/topology/physical_package_id
[15Apr2026 21:21:12.026] [main/DEBUG] [oshi.util.FileUtil/]: Reading file /sys/devices/system/cpu/cpu3/topology/physical_package_id
[15Apr2026 21:21:12.026] [main/DEBUG] [oshi.util.FileUtil/]: Reading file /sys/devices/system/cpu/cpu3/cpu_capacity
[15Apr2026 21:21:12.026] [main/DEBUG] [oshi.util.FileUtil/]: Reading file /sys/devices/system/cpu/cpu3/cpu_capacity
[15Apr2026 21:21:12.033] [main/DEBUG] [oshi.util.FileUtil/]: Reading file /proc/cpuinfo
[15Apr2026 21:21:12.058] [main/DEBUG] [oshi.util.FileUtil/]: No oshi.architecture.properties file found from ClassLoader cpw.mods.modlauncher.TransformingClassLoader@18dd5ed3
[15Apr2026 21:21:12.059] [main/DEBUG] [oshi.util.FileUtil/]: No oshi.architecture.properties file found from ClassLoader jdk.internal.loader.ClassLoaders$AppClassLoader@639fee48
[15Apr2026 21:21:12.132] [main/DEBUG] [oshi.util.FileUtil/]: Reading file /proc/meminfo
[15Apr2026 21:21:12.133] [main/DEBUG] [oshi.util.FileUtil/]: Reading file /proc/meminfo
[15Apr2026 21:21:12.424] [main/DEBUG] [Implementer/ASYNC_CATCHER]: Injecting net/minecraft/world/level/block/state/BlockBehaviour/m_6807_(Lnet/minecraft/world/level/block/state/BlockState;Lnet/minecraft/world/level/Level;Lnet/minecraft/core/BlockPos;Lnet/minecraft/world/level/block/state/BlockState;Z)V for reason block place
[15Apr2026 21:21:12.433] [main/DEBUG] [Implementer/ASYNC_CATCHER]: Defined impl callback class net/minecraft/world/level/block/state/BlockBehaviour$AsyncCatcher$0
[15Apr2026 21:21:12.433] [main/DEBUG] [Implementer/ASYNC_CATCHER]: Injecting net/minecraft/world/level/block/state/BlockBehaviour/m_6810_(Lnet/minecraft/world/level/block/state/BlockState;Lnet/minecraft/world/level/Level;Lnet/minecraft/core/BlockPos;Lnet/minecraft/world/level/block/state/BlockState;Z)V for reason block remove
[15Apr2026 21:21:12.434] [main/DEBUG] [Implementer/ASYNC_CATCHER]: Defined impl callback class net/minecraft/world/level/block/state/BlockBehaviour$AsyncCatcher$1
[15Apr2026 21:21:12.510] [main/DEBUG] [Implementer/ASYNC_CATCHER]: Injecting net/minecraft/world/entity/LivingEntity/m_147207_(Lnet/minecraft/world/effect/MobEffectInstance;Lnet/minecraft/world/entity/Entity;)Z for reason effect add
[15Apr2026 21:21:12.511] [main/DEBUG] [Implementer/ASYNC_CATCHER]: Defined impl callback class net/minecraft/world/entity/LivingEntity$AsyncCatcher$2
[15Apr2026 21:21:12.623] [main/DEBUG] [Implementer/ASYNC_CATCHER]: Injecting net/minecraft/server/level/ServerLevel/m_8872_(Lnet/minecraft/world/entity/Entity;)Z for reason entity add
[15Apr2026 21:21:12.624] [main/DEBUG] [Implementer/ASYNC_CATCHER]: Bridge method net/minecraft/server/level/ServerLevel/m_8872_$asyncCatcher$3(Lnet/minecraft/world/entity/Entity;)Z created
[15Apr2026 21:21:12.625] [main/DEBUG] [Implementer/ASYNC_CATCHER]: Defined impl callback class net/minecraft/server/level/ServerLevel$AsyncCatcher$4
[15Apr2026 21:21:12.626] [main/DEBUG] [Implementer/ASYNC_CATCHER]: Injecting net/minecraft/server/level/ServerLevel/m_142646_()Lnet/minecraft/world/level/entity/LevelEntityGetter; for reason chunk entity get
[15Apr2026 21:21:12.627] [main/DEBUG] [Implementer/ASYNC_CATCHER]: Defined impl callback class net/minecraft/server/level/ServerLevel$AsyncCatcher$5
[15Apr2026 21:21:12.796] [main/DEBUG] [net.minecraftforge.coremod.transformer.CoreModBaseTransformer/COREMOD]: Transforming net/minecraft/world/entity/EntityType
[15Apr2026 21:21:13.432] [main/DEBUG] [Implementer/SWITCH_TABLE]: Candidate switch enum method <clinit>()V class net/minecraft/core/Direction$1
[15Apr2026 21:21:13.657] [main/DEBUG] [net.minecraftforge.coremod.transformer.CoreModBaseTransformer/COREMOD]: Transforming net/minecraft/world/level/block/LiquidBlock
[15Apr2026 21:21:13.746] [main/DEBUG] [net.minecraftforge.coremod.transformer.CoreModBaseTransformer/COREMOD]: Transforming net/minecraft/world/level/block/StairBlock
[15Apr2026 21:21:13.893] [main/DEBUG] [net.minecraftforge.coremod.transformer.CoreModBaseTransformer/COREMOD]: Transforming net/minecraft/world/level/block/FlowerPotBlock
[15Apr2026 21:21:14.216] [main/DEBUG] [Implementer/SWITCH_TABLE]: Candidate switch enum method <clinit>()V class net/minecraft/world/level/block/state/BlockBehaviour$1
[15Apr2026 21:21:14.267] [main/DEBUG] [Implementer/SWITCH_TABLE]: Candidate switch enum method <clinit>()V class net/minecraft/util/ByIdMap$1
[15Apr2026 21:21:14.603] [main/DEBUG] [Implementer/SWITCH_TABLE]: Candidate switch enum method <clinit>()V class net/minecraft/world/phys/shapes/ArrayVoxelShape$1
[15Apr2026 21:21:14.658] [main/DEBUG] [Implementer/SWITCH_TABLE]: Candidate switch enum method <clinit>()V class net/minecraft/world/level/block/piston/PistonHeadBlock$1
[15Apr2026 21:21:14.736] [main/DEBUG] [Implementer/INVENTORY]: Implementing inventory for class net/minecraft/world/level/block/entity/ChiseledBookShelfBlockEntity
[15Apr2026 21:21:14.750] [JLine Shutdown Hook/DEBUG] [org.jline/]: Running all shutdown-hook tasks
[15Apr2026 21:21:14.754] [JLine Shutdown Hook/DEBUG] [org.jline/]: Running task: org.jline.terminal.impl.PosixSysTerminal$$Lambda/0x000000b0011b13e0@10ea1a37
[15Apr2026 21:21:14.755] [JLine Shutdown Hook/DEBUG] [org.jline/]: Removing shutdown-hook: Thread[#25,JLine Shutdown Hook,5,main]
